0 info it worked if it ends with ok
1 verbose cli [ 'C:\\Program Files\\nodejs\\node.exe',
1 verbose cli   'C:\\Program Files\\nodejs\\node_modules\\npm\\bin\\npm-cli.js',
1 verbose cli   'run',
1 verbose cli   'test:html' ]
2 info using npm@3.10.10
3 info using node@v6.14.4
4 warn invalid config loglevel="notice"
5 verbose run-script [ 'pretest:html', 'test:html', 'posttest:html' ]
6 info lifecycle learning-git-2@1.0.0~pretest:html: learning-git-2@1.0.0
7 silly lifecycle learning-git-2@1.0.0~pretest:html: no script for pretest:html, continuing
8 info lifecycle learning-git-2@1.0.0~test:html: learning-git-2@1.0.0
9 verbose lifecycle learning-git-2@1.0.0~test:html: unsafe-perm in lifecycle true
10 verbose lifecycle learning-git-2@1.0.0~test:html: PATH: C:\Program Files\nodejs\node_modules\npm\bin\node-gyp-bin;C:\Kodilla\Solo-project-1\node_modules\.bin;C:\Users\Dagmara Bełczowska\AppData\Roaming\npm\node_modules\npm\node_modules\npm-lifecycle\node-gyp-bin;C:\Kodilla\Solo-project-1\node_modules\.bin;C:\Users\Dagmara Bełczowska\bin;C:\Program Files\Git\mingw64\bin;C:\Program Files\Git\usr\local\bin;C:\Program Files\Git\usr\bin;C:\Program Files\Git\usr\bin;C:\Program Files\Git\mingw64\bin;C:\Program Files\Git\usr\bin;C:\Users\Dagmara Bełczowska\bin;C:\Program Files (x86)\Intel\iCLS Client;C:\Program Files\Intel\iCLS Client;C:\Windows\system32;C:\Windows;C:\Windows\System32\Wbem;C:\Windows\System32\WindowsPowerShell\v1.0;C:\Program Files (x86)\Intel\Intel(R) Management Engine Components\DAL;C:\Program Files\Intel\Intel(R) Management Engine Components\DAL;C:\Program Files (x86)\Intel\Intel(R) Management Engine Components\IPT;C:\Program Files\Intel\Intel(R) Management Engine Components\IPT;C:\Program Files (x86)\NVIDIA Corporation\PhysX\Common;C:\WINDOWS\system32;C:\WINDOWS;C:\WINDOWS\System32\Wbem;C:\WINDOWS\System32\WindowsPowerShell\v1.0;C:\WINDOWS\System32\OpenSSH;C:\Program Files\Git\cmd;C:\Program Files\Sublime Text 3;C:\Program Files\nodejs;C:\Ruby25-x64\bin;C:\Users\Dagmara Bełczowska\AppData\Local\Microsoft\WindowsApps;C:\Users\Dagmara Bełczowska\AppData\Local\GitHubDesktop\bin;C:\Users\Dagmara Bełczowska\AppData\Roaming\npm;C:\Program Files\Git\usr\bin\vendor_perl;C:\Program Files\Git\usr\bin\core_perl
11 verbose lifecycle learning-git-2@1.0.0~test:html: CWD: C:\Kodilla\Solo-project-1
12 silly lifecycle learning-git-2@1.0.0~test:html: Args: [ '/d /s /c', 'globstar nu-html-checker *.html' ]
13 silly lifecycle learning-git-2@1.0.0~test:html: Returned: code: 1  signal: null
14 info lifecycle learning-git-2@1.0.0~test:html: Failed to exec test:html script
15 verbose stack Error: learning-git-2@1.0.0 test:html: `globstar nu-html-checker *.html`
15 verbose stack Exit status 1
15 verbose stack     at EventEmitter.<anonymous> (C:\Program Files\nodejs\node_modules\npm\lib\utils\lifecycle.js:255:16)
15 verbose stack     at emitTwo (events.js:106:13)
15 verbose stack     at EventEmitter.emit (events.js:191:7)
15 verbose stack     at ChildProcess.<anonymous> (C:\Program Files\nodejs\node_modules\npm\lib\utils\spawn.js:40:14)
15 verbose stack     at emitTwo (events.js:106:13)
15 verbose stack     at ChildProcess.emit (events.js:191:7)
15 verbose stack     at maybeClose (internal/child_process.js:920:16)
15 verbose stack     at Process.ChildProcess._handle.onexit (internal/child_process.js:230:5)
16 verbose pkgid learning-git-2@1.0.0
17 verbose cwd C:\Kodilla\Solo-project-1
18 error Windows_NT 10.0.17134
19 error argv "C:\\Program Files\\nodejs\\node.exe" "C:\\Program Files\\nodejs\\node_modules\\npm\\bin\\npm-cli.js" "run" "test:html"
20 error node v6.14.4
21 error npm  v3.10.10
22 error code ELIFECYCLE
23 error learning-git-2@1.0.0 test:html: `globstar nu-html-checker *.html`
23 error Exit status 1
24 error Failed at the learning-git-2@1.0.0 test:html script 'globstar nu-html-checker *.html'.
24 error Make sure you have the latest version of node.js and npm installed.
24 error If you do, this is most likely a problem with the learning-git-2 package,
24 error not with npm itself.
24 error Tell the author that this fails on your system:
24 error     globstar nu-html-checker *.html
24 error You can get information on how to open an issue for this project with:
24 error     npm bugs learning-git-2
24 error Or if that isn't available, you can get their info via:
24 error     npm owner ls learning-git-2
24 error There is likely additional logging output above.
25 verbose exit [ 1, true ]
